-------------------------------------------------------------------------------
Test set: edu.utn.frro.ds.miniejemplos.MiniEjemplosApplicationTests
-------------------------------------------------------------------------------
Tests run: 1, Failures: 0, Errors: 1, Skipped: 0, Time elapsed: 7.058 s <<< FAILURE! - in edu.utn.frro.ds.miniejemplos.MiniEjemplosApplicationTests
contextLoads  Time elapsed: 0.059 s  <<< ERROR!
java.lang.IllegalStateException: Failed to load ApplicationContext
Caused by: java.lang.IllegalStateException: Failed to execute CommandLineRunner
Caused by: java.lang.NullPointerException

